This file contains any messages produced by compilers while
running configure, to aid debugging if configure makes a mistake.

It was created by BestCode configure 0.71M, which was
generated by GNU Autoconf 2.69.  Invocation command line was

  $ ./configure 

## --------- ##
## Platform. ##
## --------- ##

hostname = sebastian-ThinkPad-T420
uname -m = x86_64
uname -r = 4.4.0-78-generic
uname -s = Linux
uname -v = #99-Ubuntu SMP Thu Apr 27 15:29:09 UTC 2017

/usr/bin/uname -p = unknown
/bin/uname -X     = unknown

/bin/arch              = unknown
/usr/bin/arch -k       = unknown
/usr/convex/getsysinfo = unknown
/usr/bin/hostinfo      = unknown
/bin/machine           = unknown
/usr/bin/oslevel       = unknown
/bin/universe          = unknown

PATH: /home/sebastian/root/bin
PATH: /home/sebastian/bin
PATH: /home/sebastian/.local/bin
PATH: /usr/local/sbin
PATH: /usr/local/bin
PATH: /usr/sbin
PATH: /usr/bin
PATH: /sbin
PATH: /bin
PATH: /usr/games
PATH: /usr/local/games
PATH: /snap/bin


## ----------- ##
## Core tests. ##
## ----------- ##

configure:2425: checking for a BSD-compatible install
configure:2493: result: /usr/bin/install -c
configure:2504: checking whether build environment is sane
configure:2559: result: yes
configure:2710: checking for a thread-safe mkdir -p
configure:2749: result: /bin/mkdir -p
configure:2756: checking for gawk
configure:2772: found /usr/bin/gawk
configure:2783: result: gawk
configure:2794: checking whether make sets $(MAKE)
configure:2816: result: yes
configure:2845: checking whether make supports nested variables
configure:2862: result: yes
configure:3028: checking for gcc
configure:3044: found /usr/bin/gcc
configure:3055: result: gcc
configure:3284: checking for C compiler version
configure:3293: gcc --version >&5
gcc (Ubuntu 5.4.0-6ubuntu1~16.04.4) 5.4.0 20160609
Copyright (C) 2015 Free Software Foundation, Inc.
This is free software; see the source for copying conditions.  There is NO
warranty; not even for MERCHANTABILITY or FITNESS FOR A PARTICULAR PURPOSE.

configure:3304: $? = 0
configure:3293: gcc -v >&5
Using built-in specs.
COLLECT_GCC=gcc
COLLECT_LTO_WRAPPER=/usr/lib/gcc/x86_64-linux-gnu/5/lto-wrapper
Target: x86_64-linux-gnu
Configured with: ../src/configure -v --with-pkgversion='Ubuntu 5.4.0-6ubuntu1~16.04.4' --with-bugurl=file:///usr/share/doc/gcc-5/README.Bugs --enable-languages=c,ada,c++,java,go,d,fortran,objc,obj-c++ --prefix=/usr --program-suffix=-5 --enable-shared --enable-linker-build-id --libexecdir=/usr/lib --without-included-gettext --enable-threads=posix --libdir=/usr/lib --enable-nls --with-sysroot=/ --enable-clocale=gnu --enable-libstdcxx-debug --enable-libstdcxx-time=yes --with-default-libstdcxx-abi=new --enable-gnu-unique-object --disable-vtable-verify --enable-libmpx --enable-plugin --with-system-zlib --disable-browser-plugin --enable-java-awt=gtk --enable-gtk-cairo --with-java-home=/usr/lib/jvm/java-1.5.0-gcj-5-amd64/jre --enable-java-home --with-jvm-root-dir=/usr/lib/jvm/java-1.5.0-gcj-5-amd64 --with-jvm-jar-dir=/usr/lib/jvm-exports/java-1.5.0-gcj-5-amd64 --with-arch-directory=amd64 --with-ecj-jar=/usr/share/java/eclipse-ecj.jar --enable-objc-gc --enable-multiarch --disable-werror --with-arch-32=i686 --with-abi=m64 --with-multilib-list=m32,m64,mx32 --enable-multilib --with-tune=generic --enable-checking=release --build=x86_64-linux-gnu --host=x86_64-linux-gnu --target=x86_64-linux-gnu
Thread model: posix
gcc version 5.4.0 20160609 (Ubuntu 5.4.0-6ubuntu1~16.04.4) 
configure:3304: $? = 0
configure:3293: gcc -V >&5
gcc: error: unrecognized command line option '-V'
gcc: fatal error: no input files
compilation terminated.
configure:3304: $? = 1
configure:3293: gcc -qversion >&5
gcc: error: unrecognized command line option '-qversion'
gcc: fatal error: no input files
compilation terminated.
configure:3304: $? = 1
configure:3324: checking whether the C compiler works
configure:3346: gcc    conftest.c  >&5
configure:3350: $? = 0
configure:3398: result: yes
configure:3401: checking for C compiler default output file name
configure:3403: result: a.out
configure:3409: checking for suffix of executables
configure:3416: gcc -o conftest    conftest.c  >&5
configure:3420: $? = 0
configure:3442: result: 
configure:3464: checking whether we are cross compiling
configure:3472: gcc -o conftest    conftest.c  >&5
configure:3476: $? = 0
configure:3483: ./conftest
configure:3487: $? = 0
configure:3502: result: no
configure:3507: checking for suffix of object files
configure:3529: gcc -c   conftest.c >&5
configure:3533: $? = 0
configure:3554: result: o
configure:3558: checking whether we are using the GNU C compiler
configure:3577: gcc -c   conftest.c >&5
configure:3577: $? = 0
configure:3586: result: yes
configure:3595: checking whether gcc accepts -g
configure:3615: gcc -c -g  conftest.c >&5
configure:3615: $? = 0
configure:3656: result: yes
configure:3673: checking for gcc option to accept ISO C89
configure:3736: gcc  -c -g -O2  conftest.c >&5
configure:3736: $? = 0
configure:3749: result: none needed
configure:3774: checking whether gcc understands -c and -o together
configure:3796: gcc -c conftest.c -o conftest2.o
configure:3799: $? = 0
configure:3796: gcc -c conftest.c -o conftest2.o
configure:3799: $? = 0
configure:3811: result: yes
configure:3839: checking for style of include used by make
configure:3867: result: GNU
configure:3893: checking dependency style of gcc
configure:4004: result: gcc3
configure:4077: checking for g++
configure:4093: found /usr/bin/g++
configure:4104: result: g++
configure:4131: checking for C++ compiler version
configure:4140: g++ --version >&5
g++ (Ubuntu 5.4.0-6ubuntu1~16.04.4) 5.4.0 20160609
Copyright (C) 2015 Free Software Foundation, Inc.
This is free software; see the source for copying conditions.  There is NO
warranty; not even for MERCHANTABILITY or FITNESS FOR A PARTICULAR PURPOSE.

configure:4151: $? = 0
configure:4140: g++ -v >&5
Using built-in specs.
COLLECT_GCC=g++
COLLECT_LTO_WRAPPER=/usr/lib/gcc/x86_64-linux-gnu/5/lto-wrapper
Target: x86_64-linux-gnu
Configured with: ../src/configure -v --with-pkgversion='Ubuntu 5.4.0-6ubuntu1~16.04.4' --with-bugurl=file:///usr/share/doc/gcc-5/README.Bugs --enable-languages=c,ada,c++,java,go,d,fortran,objc,obj-c++ --prefix=/usr --program-suffix=-5 --enable-shared --enable-linker-build-id --libexecdir=/usr/lib --without-included-gettext --enable-threads=posix --libdir=/usr/lib --enable-nls --with-sysroot=/ --enable-clocale=gnu --enable-libstdcxx-debug --enable-libstdcxx-time=yes --with-default-libstdcxx-abi=new --enable-gnu-unique-object --disable-vtable-verify --enable-libmpx --enable-plugin --with-system-zlib --disable-browser-plugin --enable-java-awt=gtk --enable-gtk-cairo --with-java-home=/usr/lib/jvm/java-1.5.0-gcj-5-amd64/jre --enable-java-home --with-jvm-root-dir=/usr/lib/jvm/java-1.5.0-gcj-5-amd64 --with-jvm-jar-dir=/usr/lib/jvm-exports/java-1.5.0-gcj-5-amd64 --with-arch-directory=amd64 --with-ecj-jar=/usr/share/java/eclipse-ecj.jar --enable-objc-gc --enable-multiarch --disable-werror --with-arch-32=i686 --with-abi=m64 --with-multilib-list=m32,m64,mx32 --enable-multilib --with-tune=generic --enable-checking=release --build=x86_64-linux-gnu --host=x86_64-linux-gnu --target=x86_64-linux-gnu
Thread model: posix
gcc version 5.4.0 20160609 (Ubuntu 5.4.0-6ubuntu1~16.04.4) 
configure:4151: $? = 0
configure:4140: g++ -V >&5
g++: error: unrecognized command line option '-V'
g++: fatal error: no input files
compilation terminated.
configure:4151: $? = 1
configure:4140: g++ -qversion >&5
g++: error: unrecognized command line option '-qversion'
g++: fatal error: no input files
compilation terminated.
configure:4151: $? = 1
configure:4155: checking whether we are using the GNU C++ compiler
configure:4174: g++ -c   conftest.cpp >&5
configure:4174: $? = 0
configure:4183: result: yes
configure:4192: checking whether g++ accepts -g
configure:4212: g++ -c -g  conftest.cpp >&5
configure:4212: $? = 0
configure:4253: result: yes
configure:4278: checking dependency style of g++
configure:4389: result: gcc3
configure:4457: checking for g77
configure:4487: result: no
configure:4457: checking for xlf
configure:4487: result: no
configure:4457: checking for f77
configure:4487: result: no
configure:4457: checking for frt
configure:4487: result: no
configure:4457: checking for pgf77
configure:4487: result: no
configure:4457: checking for cf77
configure:4487: result: no
configure:4457: checking for fort77
configure:4487: result: no
configure:4457: checking for fl32
configure:4487: result: no
configure:4457: checking for af77
configure:4487: result: no
configure:4457: checking for xlf90
configure:4487: result: no
configure:4457: checking for f90
configure:4487: result: no
configure:4457: checking for pgf90
configure:4487: result: no
configure:4457: checking for pghpf
configure:4487: result: no
configure:4457: checking for epcf90
configure:4487: result: no
configure:4457: checking for gfortran
configure:4487: result: no
configure:4457: checking for g95
configure:4487: result: no
configure:4457: checking for xlf95
configure:4487: result: no
configure:4457: checking for f95
configure:4487: result: no
configure:4457: checking for fort
configure:4487: result: no
configure:4457: checking for ifort
configure:4487: result: no
configure:4457: checking for ifc
configure:4487: result: no
configure:4457: checking for efc
configure:4487: result: no
configure:4457: checking for pgfortran
configure:4487: result: no
configure:4457: checking for pgf95
configure:4487: result: no
configure:4457: checking for lf95
configure:4487: result: no
configure:4457: checking for ftn
configure:4487: result: no
configure:4457: checking for nagfor
configure:4487: result: no
configure:4510: checking for Fortran 77 compiler version
configure:4519:  --version >&5
./configure: line 4521: --version: command not found
configure:4530: $? = 127
configure:4519:  -v >&5
./configure: line 4521: -v: command not found
configure:4530: $? = 127
configure:4519:  -V >&5
./configure: line 4521: -V: command not found
configure:4530: $? = 127
configure:4519:  -qversion >&5
./configure: line 4521: -qversion: command not found
configure:4530: $? = 127
configure:4539: checking whether we are using the GNU Fortran 77 compiler
configure:4552:  -c  conftest.F >&5
./configure: line 1649: -c: command not found
configure:4552: $? = 127
configure: failed program was:
|       program main
| #ifndef __GNUC__
|        choke me
| #endif
| 
|       end
configure:4561: result: no
configure:4567: checking whether  accepts -g
configure:4578:  -c -g conftest.f >&5
./configure: line 1649: -c: command not found
configure:4578: $? = 127
configure: failed program was:
|       program main
| 
|       end
configure:4586: result: no
configure:4644: checking build system type
configure:4658: result: x86_64-pc-linux-gnu
configure:4678: checking host system type
configure:4691: result: x86_64-pc-linux-gnu
configure:4732: checking how to print strings
configure:4759: result: printf
configure:4780: checking for a sed that does not truncate output
configure:4844: result: /bin/sed
configure:4862: checking for grep that handles long lines and -e
configure:4920: result: /bin/grep
configure:4925: checking for egrep
configure:4987: result: /bin/grep -E
configure:4992: checking for fgrep
configure:5054: result: /bin/grep -F
configure:5089: checking for ld used by gcc
configure:5156: result: /usr/bin/ld
configure:5163: checking if the linker (/usr/bin/ld) is GNU ld
configure:5178: result: yes
configure:5190: checking for BSD- or MS-compatible name lister (nm)
configure:5244: result: /usr/bin/nm -B
configure:5374: checking the name lister (/usr/bin/nm -B) interface
configure:5381: gcc -c -g -O2  conftest.c >&5
configure:5384: /usr/bin/nm -B "conftest.o"
configure:5387: output
0000000000000000 B some_variable
configure:5394: result: BSD nm
configure:5397: checking whether ln -s works
configure:5401: result: yes
configure:5409: checking the maximum length of command line arguments
configure:5540: result: 1572864
configure:5588: checking how to convert x86_64-pc-linux-gnu file names to x86_64-pc-linux-gnu format
configure:5628: result: func_convert_file_noop
configure:5635: checking how to convert x86_64-pc-linux-gnu file names to toolchain format
configure:5655: result: func_convert_file_noop
configure:5662: checking for /usr/bin/ld option to reload object files
configure:5669: result: -r
configure:5743: checking for objdump
configure:5759: found /usr/bin/objdump
configure:5770: result: objdump
configure:5802: checking how to recognize dependent libraries
configure:6002: result: pass_all
configure:6087: checking for dlltool
configure:6117: result: no
configure:6147: checking how to associate runtime and link libraries
configure:6174: result: printf %s\n
configure:6235: checking for ar
configure:6251: found /usr/bin/ar
configure:6262: result: ar
configure:6299: checking for archiver @FILE support
configure:6316: gcc -c -g -O2  conftest.c >&5
configure:6316: $? = 0
configure:6319: ar cru libconftest.a @conftest.lst >&5
ar: `u' modifier ignored since `D' is the default (see `U')
configure:6322: $? = 0
configure:6327: ar cru libconftest.a @conftest.lst >&5
ar: `u' modifier ignored since `D' is the default (see `U')
ar: conftest.o: No such file or directory
configure:6330: $? = 1
configure:6342: result: @
configure:6400: checking for strip
configure:6416: found /usr/bin/strip
configure:6427: result: strip
configure:6499: checking for ranlib
configure:6515: found /usr/bin/ranlib
configure:6526: result: ranlib
configure:6628: checking command to parse /usr/bin/nm -B output from gcc object
configure:6781: gcc -c -g -O2  conftest.c >&5
configure:6784: $? = 0
configure:6788: /usr/bin/nm -B conftest.o \| sed -n -e 's/^.*[ ]\([ABCDGIRSTW][ABCDGIRSTW]*\)[ ][ ]*\([_A-Za-z][_A-Za-z0-9]*\)$/\1 \2 \2/p' | sed '/ __gnu_lto/d' \> conftest.nm
configure:6791: $? = 0
configure:6857: gcc -o conftest -g -O2   conftest.c conftstm.o >&5
configure:6860: $? = 0
configure:6898: result: ok
configure:6945: checking for sysroot
configure:6975: result: no
configure:6982: checking for a working dd
configure:7020: result: /bin/dd
configure:7024: checking how to truncate binary pipes
configure:7039: result: /bin/dd bs=4096 count=1
configure:7175: gcc -c -g -O2  conftest.c >&5
configure:7178: $? = 0
configure:7368: checking for mt
configure:7384: found /bin/mt
configure:7395: result: mt
configure:7418: checking if mt is a manifest tool
configure:7424: mt '-?'
configure:7432: result: no
configure:8109: checking how to run the C preprocessor
configure:8140: gcc -E  conftest.c
configure:8140: $? = 0
configure:8154: gcc -E  conftest.c
conftest.c:9:28: fatal error: ac_nonexistent.h: No such file or directory
compilation terminated.
configure:8154: $? = 1
configure: failed program was:
| /* confdefs.h */
| #define PACKAGE_NAME "BestCode"
| #define PACKAGE_TARNAME "bestcode"
| #define PACKAGE_VERSION "0.71M"
| #define PACKAGE_STRING "BestCode 0.71M"
| #define PACKAGE_BUGREPORT "andrii.verbytskyi@desy.de"
| #define PACKAGE_URL "http://mpp.mpg.de"
| /* end confdefs.h.  */
| #include <ac_nonexistent.h>
configure:8179: result: gcc -E
configure:8199: gcc -E  conftest.c
configure:8199: $? = 0
configure:8213: gcc -E  conftest.c
conftest.c:9:28: fatal error: ac_nonexistent.h: No such file or directory
compilation terminated.
configure:8213: $? = 1
configure: failed program was:
| /* confdefs.h */
| #define PACKAGE_NAME "BestCode"
| #define PACKAGE_TARNAME "bestcode"
| #define PACKAGE_VERSION "0.71M"
| #define PACKAGE_STRING "BestCode 0.71M"
| #define PACKAGE_BUGREPORT "andrii.verbytskyi@desy.de"
| #define PACKAGE_URL "http://mpp.mpg.de"
| /* end confdefs.h.  */
| #include <ac_nonexistent.h>
configure:8242: checking for ANSI C header files
configure:8262: gcc -c -g -O2  conftest.c >&5
configure:8262: $? = 0
configure:8335: gcc -o conftest -g -O2   conftest.c  >&5
configure:8335: $? = 0
configure:8335: ./conftest
configure:8335: $? = 0
configure:8346: result: yes
configure:8359: checking for sys/types.h
configure:8359: gcc -c -g -O2  conftest.c >&5
configure:8359: $? = 0
configure:8359: result: yes
configure:8359: checking for sys/stat.h
configure:8359: gcc -c -g -O2  conftest.c >&5
configure:8359: $? = 0
configure:8359: result: yes
configure:8359: checking for stdlib.h
configure:8359: gcc -c -g -O2  conftest.c >&5
configure:8359: $? = 0
configure:8359: result: yes
configure:8359: checking for string.h
configure:8359: gcc -c -g -O2  conftest.c >&5
configure:8359: $? = 0
configure:8359: result: yes
configure:8359: checking for memory.h
configure:8359: gcc -c -g -O2  conftest.c >&5
configure:8359: $? = 0
configure:8359: result: yes
configure:8359: checking for strings.h
configure:8359: gcc -c -g -O2  conftest.c >&5
configure:8359: $? = 0
configure:8359: result: yes
configure:8359: checking for inttypes.h
configure:8359: gcc -c -g -O2  conftest.c >&5
configure:8359: $? = 0
configure:8359: result: yes
configure:8359: checking for stdint.h
configure:8359: gcc -c -g -O2  conftest.c >&5
configure:8359: $? = 0
configure:8359: result: yes
configure:8359: checking for unistd.h
configure:8359: gcc -c -g -O2  conftest.c >&5
configure:8359: $? = 0
configure:8359: result: yes
configure:8373: checking for dlfcn.h
configure:8373: gcc -c -g -O2  conftest.c >&5
configure:8373: $? = 0
configure:8373: result: yes
configure:8641: checking for objdir
configure:8656: result: .libs
configure:8920: checking if gcc supports -fno-rtti -fno-exceptions
configure:8938: gcc -c -g -O2  -fno-rtti -fno-exceptions conftest.c >&5
cc1: warning: command line option '-fno-rtti' is valid for C++/ObjC++ but not for C
configure:8942: $? = 0
configure:8955: result: no
configure:9313: checking for gcc option to produce PIC
configure:9320: result: -fPIC -DPIC
configure:9328: checking if gcc PIC flag -fPIC -DPIC works
configure:9346: gcc -c -g -O2  -fPIC -DPIC -DPIC conftest.c >&5
configure:9350: $? = 0
configure:9363: result: yes
configure:9392: checking if gcc static flag -static works
configure:9420: result: yes
configure:9435: checking if gcc supports -c -o file.o
configure:9456: gcc -c -g -O2  -o out/conftest2.o conftest.c >&5
configure:9460: $? = 0
configure:9482: result: yes
configure:9490: checking if gcc supports -c -o file.o
configure:9537: result: yes
configure:9570: checking whether the gcc linker (/usr/bin/ld -m elf_x86_64) supports shared libraries
configure:10833: result: yes
configure:10870: checking whether -lc should be explicitly linked in
configure:10878: gcc -c -g -O2  conftest.c >&5
configure:10881: $? = 0
configure:10896: gcc -shared  -fPIC -DPIC conftest.o  -v -Wl,-soname -Wl,conftest -o conftest 2\>\&1 \| /bin/grep  -lc  \>/dev/null 2\>\&1
configure:10899: $? = 0
configure:10913: result: no
configure:11073: checking dynamic linker characteristics
configure:11654: gcc -o conftest -g -O2   -Wl,-rpath -Wl,/foo conftest.c  >&5
configure:11654: $? = 0
configure:11903: result: GNU/Linux ld.so
configure:12025: checking how to hardcode library paths into programs
configure:12050: result: immediate
configure:12598: checking whether stripping libraries is possible
configure:12603: result: yes
configure:12638: checking if libtool supports shared libraries
configure:12640: result: yes
configure:12643: checking whether to build shared libraries
configure:12668: result: yes
configure:12671: checking whether to build static libraries
configure:12675: result: yes
configure:12698: checking how to run the C++ preprocessor
configure:12725: g++ -E  conftest.cpp
configure:12725: $? = 0
configure:12739: g++ -E  conftest.cpp
conftest.cpp:21:28: fatal error: ac_nonexistent.h: No such file or directory
compilation terminated.
configure:12739: $? = 1
configure: failed program was:
| /* confdefs.h */
| #define PACKAGE_NAME "BestCode"
| #define PACKAGE_TARNAME "bestcode"
| #define PACKAGE_VERSION "0.71M"
| #define PACKAGE_STRING "BestCode 0.71M"
| #define PACKAGE_BUGREPORT "andrii.verbytskyi@desy.de"
| #define PACKAGE_URL "http://mpp.mpg.de"
| #define STDC_HEADERS 1
| #define HAVE_SYS_TYPES_H 1
| #define HAVE_SYS_STAT_H 1
| #define HAVE_STDLIB_H 1
| #define HAVE_STRING_H 1
| #define HAVE_MEMORY_H 1
| #define HAVE_STRINGS_H 1
| #define HAVE_INTTYPES_H 1
| #define HAVE_STDINT_H 1
| #define HAVE_UNISTD_H 1
| #define HAVE_DLFCN_H 1
| #define LT_OBJDIR ".libs/"
| /* end confdefs.h.  */
| #include <ac_nonexistent.h>
configure:12764: result: g++ -E
configure:12784: g++ -E  conftest.cpp
configure:12784: $? = 0
configure:12798: g++ -E  conftest.cpp
conftest.cpp:21:28: fatal error: ac_nonexistent.h: No such file or directory
compilation terminated.
configure:12798: $? = 1
configure: failed program was:
| /* confdefs.h */
| #define PACKAGE_NAME "BestCode"
| #define PACKAGE_TARNAME "bestcode"
| #define PACKAGE_VERSION "0.71M"
| #define PACKAGE_STRING "BestCode 0.71M"
| #define PACKAGE_BUGREPORT "andrii.verbytskyi@desy.de"
| #define PACKAGE_URL "http://mpp.mpg.de"
| #define STDC_HEADERS 1
| #define HAVE_SYS_TYPES_H 1
| #define HAVE_SYS_STAT_H 1
| #define HAVE_STDLIB_H 1
| #define HAVE_STRING_H 1
| #define HAVE_MEMORY_H 1
| #define HAVE_STRINGS_H 1
| #define HAVE_INTTYPES_H 1
| #define HAVE_STDINT_H 1
| #define HAVE_UNISTD_H 1
| #define HAVE_DLFCN_H 1
| #define LT_OBJDIR ".libs/"
| /* end confdefs.h.  */
| #include <ac_nonexistent.h>
configure:12960: checking for ld used by g++
configure:13027: result: /usr/bin/ld -m elf_x86_64
configure:13034: checking if the linker (/usr/bin/ld -m elf_x86_64) is GNU ld
configure:13049: result: yes
configure:13104: checking whether the g++ linker (/usr/bin/ld -m elf_x86_64) supports shared libraries
configure:14177: result: yes
configure:14213: g++ -c -g -O2  conftest.cpp >&5
configure:14216: $? = 0
configure:14697: checking for g++ option to produce PIC
configure:14704: result: -fPIC -DPIC
configure:14712: checking if g++ PIC flag -fPIC -DPIC works
configure:14730: g++ -c -g -O2  -fPIC -DPIC -DPIC conftest.cpp >&5
configure:14734: $? = 0
configure:14747: result: yes
configure:14770: checking if g++ static flag -static works
configure:14798: result: yes
configure:14810: checking if g++ supports -c -o file.o
configure:14831: g++ -c -g -O2  -o out/conftest2.o conftest.cpp >&5
configure:14835: $? = 0
configure:14857: result: yes
configure:14862: checking if g++ supports -c -o file.o
configure:14909: result: yes
configure:14939: checking whether the g++ linker (/usr/bin/ld -m elf_x86_64) supports shared libraries
configure:14982: result: yes
configure:15123: checking dynamic linker characteristics
configure:15880: result: GNU/Linux ld.so
configure:15945: checking how to hardcode library paths into programs
configure:15970: result: immediate
configure:19213: checking that generated files are newer than configure
configure:19219: result: done
configure:19254: creating ./config.status

## ---------------------- ##
## Running config.status. ##
## ---------------------- ##

This file was extended by BestCode config.status 0.71M, which was
generated by GNU Autoconf 2.69.  Invocation command line was

  CONFIG_FILES    = 
  CONFIG_HEADERS  = 
  CONFIG_LINKS    = 
  CONFIG_COMMANDS = 
  $ ./config.status 

on sebastian-ThinkPad-T420

config.status:1211: creating Makefile
config.status:1211: creating config.h
config.status:1440: executing depfiles commands
config.status:1440: executing libtool commands

## ---------------- ##
## Cache variables. ##
## ---------------- ##

ac_cv_build=x86_64-pc-linux-gnu
ac_cv_c_compiler_gnu=yes
ac_cv_cxx_compiler_gnu=yes
ac_cv_env_CCC_set=
ac_cv_env_CCC_value=
ac_cv_env_CC_set=
ac_cv_env_CC_value=
ac_cv_env_CFLAGS_set=
ac_cv_env_CFLAGS_value=
ac_cv_env_CPPFLAGS_set=
ac_cv_env_CPPFLAGS_value=
ac_cv_env_CPP_set=
ac_cv_env_CPP_value=
ac_cv_env_CXXCPP_set=
ac_cv_env_CXXCPP_value=
ac_cv_env_CXXFLAGS_set=
ac_cv_env_CXXFLAGS_value=
ac_cv_env_CXX_set=
ac_cv_env_CXX_value=
ac_cv_env_F77_set=
ac_cv_env_F77_value=
ac_cv_env_FFLAGS_set=
ac_cv_env_FFLAGS_value=
ac_cv_env_LDFLAGS_set=
ac_cv_env_LDFLAGS_value=
ac_cv_env_LIBS_set=
ac_cv_env_LIBS_value=
ac_cv_env_LT_SYS_LIBRARY_PATH_set=
ac_cv_env_LT_SYS_LIBRARY_PATH_value=
ac_cv_env_build_alias_set=
ac_cv_env_build_alias_value=
ac_cv_env_host_alias_set=
ac_cv_env_host_alias_value=
ac_cv_env_target_alias_set=
ac_cv_env_target_alias_value=
ac_cv_f77_compiler_gnu=no
ac_cv_header_dlfcn_h=yes
ac_cv_header_inttypes_h=yes
ac_cv_header_memory_h=yes
ac_cv_header_stdc=yes
ac_cv_header_stdint_h=yes
ac_cv_header_stdlib_h=yes
ac_cv_header_string_h=yes
ac_cv_header_strings_h=yes
ac_cv_header_sys_stat_h=yes
ac_cv_header_sys_types_h=yes
ac_cv_header_unistd_h=yes
ac_cv_host=x86_64-pc-linux-gnu
ac_cv_objext=o
ac_cv_path_EGREP='/bin/grep -E'
ac_cv_path_FGREP='/bin/grep -F'
ac_cv_path_GREP=/bin/grep
ac_cv_path_SED=/bin/sed
ac_cv_path_install='/usr/bin/install -c'
ac_cv_path_lt_DD=/bin/dd
ac_cv_path_mkdir=/bin/mkdir
ac_cv_prog_AWK=gawk
ac_cv_prog_CPP='gcc -E'
ac_cv_prog_CXXCPP='g++ -E'
ac_cv_prog_ac_ct_AR=ar
ac_cv_prog_ac_ct_CC=gcc
ac_cv_prog_ac_ct_CXX=g++
ac_cv_prog_ac_ct_MANIFEST_TOOL=mt
ac_cv_prog_ac_ct_OBJDUMP=objdump
ac_cv_prog_ac_ct_RANLIB=ranlib
ac_cv_prog_ac_ct_STRIP=strip
ac_cv_prog_cc_c89=
ac_cv_prog_cc_g=yes
ac_cv_prog_cxx_g=yes
ac_cv_prog_f77_g=no
ac_cv_prog_make_make_set=yes
am_cv_CC_dependencies_compiler_type=gcc3
am_cv_CXX_dependencies_compiler_type=gcc3
am_cv_make_support_nested_variables=yes
am_cv_prog_cc_c_o=yes
lt_cv_ar_at_file=@
lt_cv_archive_cmds_need_lc=no
lt_cv_deplibs_check_method=pass_all
lt_cv_file_magic_cmd='$MAGIC_CMD'
lt_cv_file_magic_test_file=
lt_cv_ld_reload_flag=-r
lt_cv_nm_interface='BSD nm'
lt_cv_objdir=.libs
lt_cv_path_LD=/usr/bin/ld
lt_cv_path_LDCXX='/usr/bin/ld -m elf_x86_64'
lt_cv_path_NM='/usr/bin/nm -B'
lt_cv_path_mainfest_tool=no
lt_cv_prog_compiler_c_o=yes
lt_cv_prog_compiler_c_o_CXX=yes
lt_cv_prog_compiler_pic='-fPIC -DPIC'
lt_cv_prog_compiler_pic_CXX='-fPIC -DPIC'
lt_cv_prog_compiler_pic_works=yes
lt_cv_prog_compiler_pic_works_CXX=yes
lt_cv_prog_compiler_rtti_exceptions=no
lt_cv_prog_compiler_static_works=yes
lt_cv_prog_compiler_static_works_CXX=yes
lt_cv_prog_gnu_ld=yes
lt_cv_prog_gnu_ldcxx=yes
lt_cv_sharedlib_from_linklib_cmd='printf %s\n'
lt_cv_shlibpath_overrides_runpath=no
lt_cv_sys_global_symbol_pipe='sed -n -e '\''s/^.*[	 ]\([ABCDGIRSTW][ABCDGIRSTW]*\)[	 ][	 ]*\([_A-Za-z][_A-Za-z0-9]*\)$/\1 \2 \2/p'\'' | sed '\''/ __gnu_lto/d'\'''
lt_cv_sys_global_symbol_to_c_name_address='sed -n -e '\''s/^: \(.*\) .*$/  {"\1", (void *) 0},/p'\'' -e '\''s/^[ABCDGIRSTW][ABCDGIRSTW]* .* \(.*\)$/  {"\1", (void *) \&\1},/p'\'''
lt_cv_sys_global_symbol_to_c_name_address_lib_prefix='sed -n -e '\''s/^: \(.*\) .*$/  {"\1", (void *) 0},/p'\'' -e '\''s/^[ABCDGIRSTW][ABCDGIRSTW]* .* \(lib.*\)$/  {"\1", (void *) \&\1},/p'\'' -e '\''s/^[ABCDGIRSTW][ABCDGIRSTW]* .* \(.*\)$/  {"lib\1", (void *) \&\1},/p'\'''
lt_cv_sys_global_symbol_to_cdecl='sed -n -e '\''s/^T .* \(.*\)$/extern int \1();/p'\'' -e '\''s/^[ABCDGIRSTW][ABCDGIRSTW]* .* \(.*\)$/extern char \1;/p'\'''
lt_cv_sys_global_symbol_to_import=
lt_cv_sys_max_cmd_len=1572864
lt_cv_to_host_file_cmd=func_convert_file_noop
lt_cv_to_tool_file_cmd=func_convert_file_noop
lt_cv_truncate_bin='/bin/dd bs=4096 count=1'

## ----------------- ##
## Output variables. ##
## ----------------- ##

ACLOCAL='${SHELL} /home/sebastian/Topmass13TeV.git/trunk/CodeFactory/missing aclocal-1.15'
AMDEPBACKSLASH='\'
AMDEP_FALSE='#'
AMDEP_TRUE=''
AMTAR='$${TAR-tar}'
AM_BACKSLASH='\'
AM_DEFAULT_V='$(AM_DEFAULT_VERBOSITY)'
AM_DEFAULT_VERBOSITY='1'
AM_V='$(V)'
AR='ar'
AUTOCONF='${SHELL} /home/sebastian/Topmass13TeV.git/trunk/CodeFactory/missing autoconf'
AUTOHEADER='${SHELL} /home/sebastian/Topmass13TeV.git/trunk/CodeFactory/missing autoheader'
AUTOMAKE='${SHELL} /home/sebastian/Topmass13TeV.git/trunk/CodeFactory/missing automake-1.15'
AWK='gawk'
CC='gcc'
CCDEPMODE='depmode=gcc3'
CFLAGS='-g -O2'
CPP='gcc -E'
CPPFLAGS=''
CXX='g++'
CXXCPP='g++ -E'
CXXDEPMODE='depmode=gcc3'
CXXFLAGS='-g -O2'
CYGPATH_W='echo'
DEFS='-DHAVE_CONFIG_H'
DEPDIR='.deps'
DLLTOOL='false'
DSYMUTIL=''
DUMPBIN=''
ECHO_C=''
ECHO_N='-n'
ECHO_T=''
EGREP='/bin/grep -E'
EXAMPLE_API_VERSION='0.71M'
EXAMPLE_SO_VERSION='0:0:0'
EXEEXT=''
F77=''
FFLAGS=''
FGREP='/bin/grep -F'
GREP='/bin/grep'
INSTALL_DATA='${INSTALL} -m 644'
INSTALL_PROGRAM='${INSTALL}'
INSTALL_SCRIPT='${INSTALL}'
INSTALL_STRIP_PROGRAM='$(install_sh) -c -s'
LD='/usr/bin/ld -m elf_x86_64'
LDFLAGS=''
LIBOBJS=''
LIBS=''
LIBTOOL='$(SHELL) $(top_builddir)/libtool'
LIPO=''
LN_S='ln -s'
LTLIBOBJS=''
LT_SYS_LIBRARY_PATH=''
MAKEINFO='${SHELL} /home/sebastian/Topmass13TeV.git/trunk/CodeFactory/missing makeinfo'
MANIFEST_TOOL=':'
MKDIR_P='/bin/mkdir -p'
NM='/usr/bin/nm -B'
NMEDIT=''
OBJDUMP='objdump'
OBJEXT='o'
OTOOL64=''
OTOOL=''
PACKAGE='bestcode'
PACKAGE_BUGREPORT='andrii.verbytskyi@desy.de'
PACKAGE_NAME='BestCode'
PACKAGE_STRING='BestCode 0.71M'
PACKAGE_TARNAME='bestcode'
PACKAGE_URL='http://mpp.mpg.de'
PACKAGE_VERSION='0.71M'
PATH_SEPARATOR=':'
RANLIB='ranlib'
ROOT_CFLAGS='-pthread -std=c++11 -m64 -I/home/sebastian/root/include'
ROOT_LIBS='-L/home/sebastian/root/lib -lCore -lRIO -lNet -lHist -lGraf -lGraf3d -lGpad -lTree -lRint -lPostscript -lMatrix -lPhysics -lMathCore -lThread -lMultiProc -pthread -lm -ldl -rdynamic -lMinuit '
ROOT_USE_FALSE='#'
ROOT_USE_TRUE=''
SED='/bin/sed'
SET_MAKE=''
SHELL='/bin/bash'
STRIP='strip'
VERSION='0.71M'
ZBESTLIB_USE_FALSE='#'
ZBESTLIB_USE_TRUE=''
ac_ct_AR='ar'
ac_ct_CC='gcc'
ac_ct_CXX='g++'
ac_ct_DUMPBIN=''
ac_ct_F77=''
am__EXEEXT_FALSE=''
am__EXEEXT_TRUE='#'
am__fastdepCC_FALSE='#'
am__fastdepCC_TRUE=''
am__fastdepCXX_FALSE='#'
am__fastdepCXX_TRUE=''
am__include='include'
am__isrc=''
am__leading_dot='.'
am__nodep='_no'
am__quote=''
am__tar='$${TAR-tar} chof - "$$tardir"'
am__untar='$${TAR-tar} xf -'
bindir='${exec_prefix}/bin'
build='x86_64-pc-linux-gnu'
build_alias=''
build_cpu='x86_64'
build_os='linux-gnu'
build_vendor='pc'
datadir='${datarootdir}'
datarootdir='${prefix}/share'
docdir='${datarootdir}/doc/${PACKAGE_TARNAME}'
dvidir='${docdir}'
exec_prefix='${prefix}'
host='x86_64-pc-linux-gnu'
host_alias=''
host_cpu='x86_64'
host_os='linux-gnu'
host_vendor='pc'
htmldir='${docdir}'
includedir='${prefix}/include'
infodir='${datarootdir}/info'
install_sh='${SHELL} /home/sebastian/Topmass13TeV.git/trunk/CodeFactory/install-sh'
libdir='${exec_prefix}/lib'
libexecdir='${exec_prefix}/libexec'
localedir='${datarootdir}/locale'
localstatedir='${prefix}/var'
mandir='${datarootdir}/man'
mkdir_p='$(MKDIR_P)'
oldincludedir='/usr/include'
pdfdir='${docdir}'
prefix='/usr/local'
program_transform_name='s,x,x,'
psdir='${docdir}'
runstatedir='${localstatedir}/run'
sbindir='${exec_prefix}/sbin'
sharedstatedir='${prefix}/com'
sysconfdir='${prefix}/etc'
target_alias=''

## ----------- ##
## confdefs.h. ##
## ----------- ##

/* confdefs.h */
#define PACKAGE_NAME "BestCode"
#define PACKAGE_TARNAME "bestcode"
#define PACKAGE_VERSION "0.71M"
#define PACKAGE_STRING "BestCode 0.71M"
#define PACKAGE_BUGREPORT "andrii.verbytskyi@desy.de"
#define PACKAGE_URL "http://mpp.mpg.de"
#define STDC_HEADERS 1
#define HAVE_SYS_TYPES_H 1
#define HAVE_SYS_STAT_H 1
#define HAVE_STDLIB_H 1
#define HAVE_STRING_H 1
#define HAVE_MEMORY_H 1
#define HAVE_STRINGS_H 1
#define HAVE_INTTYPES_H 1
#define HAVE_STDINT_H 1
#define HAVE_UNISTD_H 1
#define HAVE_DLFCN_H 1
#define LT_OBJDIR ".libs/"
#define USEROOT 1
#define USEROOT 1
#define COPYRIGHT_YEAR 2017


configure: exit 0
